100 years old is such a young age if you happen to be a bristlecone pine.
A purple pig and a green donkey flew a kite in the middle of the night and ended up sunburnt.
A quiet house is nice until you are ordered to stay in it for months.
After exploring the abandoned building, he started to believe in ghosts.
At last
At that moment she realized she had a sixth sense.
Best friends are like old tomatoes and shoelaces.
David proudly graduated from high school top of his class at age 97.
Facing his greatest fear, he ate his first marshmallow.
Giving directions that the mountains are to the west only works when you can see them.
Green should have smelled more tranquil, but somehow it just tasted rotten.
He dreamed of leaving his law firm to open a portable dog wash.
He excelled at firing people nicely.
He knew it was going to be a bad day when he saw mountain lions roaming the streets.
He liked to play with words in the bathtub.
He looked behind the door and didn't like what he saw.
He never understood why what, when, and where left out who.
He turned in the research paper on Friday; otherwise, he would have not passed the class.
Her daily goal was to improve on yesterday.
I am my aunt's sister's daughter.
I became paranoid that the school of jellyfish was spying on me.
I cheated while playing the darts tournament by using a longbow.
I'll have you know I've written over fifty novels
I'm worried by the fact that my daughter looks to the local carpet seller as a role model.
Improve your goldfish's physical fitness by getting him a bicycle.
It took him a while to realize that everything he decided not to change, he was actually choosing.
Just go ahead and press that button.
Pat ordered a ghost pepper pie.
She could hear him in the shower singing with a joy she hoped he'd retain after she delivered the news.
She couldn't understand why nobody else could see that the sky is full of cotton candy.
She felt that chill that makes the hairs on the back of your neck when he walked into the room.
She saw the brake lights, but not in time.
So long and thanks for the fish.
Sometimes I stare at a door or a wall and I wonder what is this reality, why am I alive, and what is this all about?
Sometimes you have to just give up and win by cheating.
Stop waiting for exceptional things to just happen.
The Japanese yen for commerce is still well-known.
The chic gangster liked to start the day with a pink scarf.
The door swung open to reveal pink giraffes and red elephants.
The efficiency we have at removing trash has made creating trash more acceptable.
The glacier came alive as the climbers hiked closer.
The light in his life was actually a fire burning all around him.
The minute she landed she understood the reason this was a fly-over state.
The sudden rainstorm washed crocodiles into the ocean.
The tears of a clown make my lipstick run, but my shower cap is still intact.
They desperately needed another drummer since the current one only knew how to play bongos.
Traveling became almost extinct during the pandemic.
We have young kids who often walk into our room at night for various reasons including clowns in the closet.
Wisdom is easily acquired when hiding under the bed with a saucepan on your head.
You should never take advice from someone who thinks red paint dries quicker than blue paint.
