 In the single-point crossover, the crossover mask is 
 In two-point crossover, offspring are created by 
 International Journal of Computer Sciences and Engineering Vol.-4(10), Oct 2016, E-ISSN: 2347-2693
 The previous selection method will have problems 
 Uniform crossover combines bits sampled uniformly 
 When creating new population by crossover and 
 © 2016, IJCSE All Rights Reserved 141
1) Roulette Wheel Selection 
1) Single-Point Crossover 
2) Rank Selection 
2) Two-Point Crossover 
3) Elitism Selection 
3) Uniform Crossover 
A. Selection Operation 
After this, all the chromosomes have a chance to be selected. 
B. Crossover Operations 
But this method can lead to slower convergence, because the 
C. Mutation Operations 
Figure 2. Roulette Wheel Selection 
Figure 3. Crossover and Mutation Operations
GA searches for better solutions by genetic operations, 
Imagine a roulette wheel where are placed all chromosomes 
In addition to recombination operators that produce
Parents are selected according to their fitness. The better the 
Selection operation is to select elitist individuals as parents in 
The generation of successors in a GA is determined by a 
The probability that a chromosome will be selected is then 
The worst will have fitness 1, second worst 2 etc. and the best 
a mask for which n0= 2 and nl = 5. Again, the two offspring 
always constructed so that it begins with a string containing n 
and the crossover mask is then created and applied. To 
and then every chromosome receives fitness from this ranking. 
are created by switching the roles played by the two parents. 
are crossover and mutation. The crossover operator produces 
because the crossover mask 11111000000 specifies these 
best chromosomes do not differ so much from other ones. 
bigger fitness will be selected more times. 
bit chosen at random and independent of the others. 
by a contiguous string of nl ones, followed by the necessary 
by the first offspring. 
changes to the bit string by choosing a single bit at random, 
choices for each of the bit positions. The second offspring 
chromosome fitness is 90% of the entire roulette wheel, then 
chromosome. Elitism is name of method, which first copies 
chromosomes are, the more chances to be selected they have. 
chromosomes, for example roulette wheel selection, Boltzman 
complete the string. This results in offspring in which the first 
contiguous 1s, followed by the necessary number of 0s to 
crossover as in Figure 3.
crossover mask is a string beginning with n0 zeros, followed 
crossover mask is generated as a random bit string with each 
crossover mask. Figure 3.10 below illustrates crossover 
current population, which can generate offspring. Fitness 
elitist. There are many methods how to select the best 
example shown in Figure 3.10 the offspring are created using 
first parent and its remaining six bits from the second parent, 
fitness function like on the Figure 2. Chromosome with 
from the two parents, as illustrated in Figure 3. In this case the 
illustrate, consider the single-point crossover operator at the 
in the population, every has its place big accordingly to its 
in this case. This offspring takes its first five bits from the 
including selection operation, crossover operation and 
losing the best found solution. 
middle of the second parent string. Put another way, the 
mutation operation. 
mutation; we have a big chance, that we will lose the best 
n bits are contributed by one parent and the remaining bits by 
namely as single-point, two-point and uniform crossover. 
number of zeros to complete the string. Each time the twopoint crossover operator is applied, a mask is generated by 
of the current population. The two most common operators 
offspring by combining parts of two parents, a second type of 
offspring is copied from the bit at position i in one of the two 
operator briefly. There are three types of crossover operators, 
operator is applied, the crossover point n is chosen at random, 
operator produces offspring from a single parent. In 
parents. The choice of which parent contributes the bit for 
particular, the mutation operator produces small random 
population. The rest is done in classical way. Elitism can very 
position i is determined by an additional string called the 
proportional to its rank in this sorted list, rather than its fitness. 
randomly choosing the integers n0 and nl. For instance, in the 
rapidly increase performance of GA, because it prevents 
selected bits from each parent. The bit at position i in each 
selected. Rank selection first sorts the population by fitness 
selection, elitism selection and some others. Some of them 
selection, tournament selection, rank selection, steady-state 
set of operators that recombine and mutate selected members 
substituting intermediate segments of one parent into the 
the best chromosome (or a few best chromosomes) to new 
the other chromosomes will have very few chances to be 
the second parent. Each time the single-point crossover 
then changing its value. Mutation is often performed after 
top of the figure and consider the topmost of the two offspring 
two new offspring from two parent strings, by copying 
two parents. Therefore, it contains the bits that were not used 
uses the same crossover mask, but switches the roles of the 
values are used as criteria to judge whether individuals are 
when the fitness’s differ very much. For example, if the best 
will be described shortly. 
will have fitness N (number of chromosomes in population). 
